<?xml version="1.0" encoding="UTF-8"?>
<testsuite xmlns:xsi="http://www.w3.org/2001/XMLSchema-instance" xsi:noNamespaceSchemaLocation="https://maven.apache.org/surefire/maven-surefire-plugin/xsd/surefire-test-report-3.0.xsd" version="3.0" name="Ejercicio02.Ejercicio02Test" time="0.231" tests="28" errors="0" skipped="0" failures="0">
  <properties>
[...]
</properties>
  <testcase name="testTotal(int, int, int, boolean)[1]" classname="Ejercicio02.Ejercicio02Test" time="0.066"/>
  <testcase name="testTotal(int, int, int, boolean)[2]" classname="Ejercicio02.Ejercicio02Test" time="0.002"/>
  <testcase name="testTotal(int, int, int, boolean)[3]" classname="Ejercicio02.Ejercicio02Test" time="0.001"/>
  <testcase name="testTotal(int, int, int, boolean)[4]" classname="Ejercicio02.Ejercicio02Test" time="0.001"/>
  <testcase name="testTotal(int, int, int, boolean)[5]" classname="Ejercicio02.Ejercicio02Test" time="0.002"/>
  <testcase name="testTotal(int, int, int, boolean)[6]" classname="Ejercicio02.Ejercicio02Test" time="0.002"/>
  <testcase name="testTotal(int, int, int, boolean)[7]" classname="Ejercicio02.Ejercicio02Test" time="0.001"/>
  <testcase name="testTotal(int, int, int, boolean)[8]" classname="Ejercicio02.Ejercicio02Test" time="0.002"/>
  <testcase name="testTotal(int, int, int, boolean)[9]" classname="Ejercicio02.Ejercicio02Test" time="0.001"/>
  <testcase name="testTotal(int, int, int, boolean)[10]" classname="Ejercicio02.Ejercicio02Test" time="0.001"/>
  <testcase name="testTotal(int, int, int, boolean)[11]" classname="Ejercicio02.Ejercicio02Test" time="0.001"/>
  <testcase name="testTotal(int, int, int, boolean)[12]" classname="Ejercicio02.Ejercicio02Test" time="0.001"/>
  <testcase name="testTotal(int, int, int, boolean)[13]" classname="Ejercicio02.Ejercicio02Test" time="0.001"/>
  <testcase name="testTotal(int, int, int, boolean)[14]" classname="Ejercicio02.Ejercicio02Test" time="0.001"/>
  <testcase name="testTotal(int, int, int, boolean)[15]" classname="Ejercicio02.Ejercicio02Test" time="0.002"/>
  <testcase name="testTotal(int, int, int, boolean)[16]" classname="Ejercicio02.Ejercicio02Test" time="0.001"/>
  <testcase name="testTotal(int, int, int, boolean)[17]" classname="Ejercicio02.Ejercicio02Test" time="0.001"/>
  <testcase name="testTotal(int, int, int, boolean)[18]" classname="Ejercicio02.Ejercicio02Test" time="0.001"/>
  <testcase name="testTotal(int, int, int, boolean)[19]" classname="Ejercicio02.Ejercicio02Test" time="0.001"/>
  <testcase name="testTotal(int, int, int, boolean)[20]" classname="Ejercicio02.Ejercicio02Test" time="0.001"/>
  <testcase name="testTotal(int, int, int, boolean)[21]" classname="Ejercicio02.Ejercicio02Test" time="0.001"/>
  <testcase name="testTotal(int, int, int, boolean)[22]" classname="Ejercicio02.Ejercicio02Test" time="0.001"/>
  <testcase name="testTotal(int, int, int, boolean)[23]" classname="Ejercicio02.Ejercicio02Test" time="0.002"/>
  <testcase name="testTotal(int, int, int, boolean)[24]" classname="Ejercicio02.Ejercicio02Test" time="0.001"/>
  <testcase name="testTotal(int, int, int, boolean)[25]" classname="Ejercicio02.Ejercicio02Test" time="0.002"/>
  <testcase name="testTotal(int, int, int, boolean)[26]" classname="Ejercicio02.Ejercicio02Test" time="0.001"/>
  <testcase name="testTotal(int, int, int, boolean)[27]" classname="Ejercicio02.Ejercicio02Test" time="0.001"/>
  <testcase name="testTotal(int, int, int, boolean)[28]" classname="Ejercicio02.Ejercicio02Test" time="0.001"/>
</testsuite>